<?xml version="1.0" encoding="UTF-8"?>
<!-- Generated by org.testng.reporters.JUnitReportReporter -->
<testsuite hostname="LAPTOP-OUQKMK6L" failures="0" tests="1" name="testCases.TC002_LoginTest" time="6.298" errors="0" timestamp="2025-03-27T00:10:10 IST" skipped="0">
  <testcase classname="testCases.TC002_LoginTest" name="verify_login" time="6.298"/>
</testsuite> <!-- testCases.TC002_LoginTest -->
