<?xml version="1.0" encoding="UTF-8"?>
<!-- Generated by org.testng.reporters.JUnitReportReporter -->
<testsuite hostname="LAPTOP-OUQKMK6L" failures="0" tests="4" name="testCases.TC003_LoginDDT" time="2.037" errors="0" timestamp="2025-03-25T01:00:34 IST" skipped="0">
  <testcase classname="testCases.TC003_LoginDDT" name="verify_loginDDT" time="0.401"/>
  <testcase classname="testCases.TC003_LoginDDT" name="verify_loginDDT" time="0.490"/>
  <testcase classname="testCases.TC003_LoginDDT" name="verify_loginDDT" time="0.465"/>
  <testcase classname="testCases.TC003_LoginDDT" name="verify_loginDDT" time="0.681"/>
</testsuite> <!-- testCases.TC003_LoginDDT -->
